<?xml version="1.0" encoding="UTF-8"?>
<!-- Generated by org.testng.reporters.JUnitReportReporter -->
<testsuite hostname="LAPTOP-K932JURE" name="studentTests.UpdateUserTest" tests="1" failures="0" timestamp="14 Sep 2021 07:00:54 GMT" time="32.335" errors="0">
  <testcase name="updateUserProfile" time="32.335" classname="studentTests.UpdateUserTest"/>
</testsuite> <!-- studentTests.UpdateUserTest -->
