<?xml version="1.0" encoding="UTF-8"?>
<!-- Generated by org.testng.reporters.JUnitReportReporter -->
<testsuite hostname="LAPTOP-K932JURE" name="adminTests.DownloadReportTest" tests="1" failures="0" timestamp="14 Sep 2021 09:06:43 GMT" time="20.925" errors="0">
  <testcase name="downloadReport" time="20.925" classname="adminTests.DownloadReportTest"/>
</testsuite> <!-- adminTests.DownloadReportTest -->
