<?xml version="1.0" encoding="UTF-8"?>
<!-- Generated by org.testng.reporters.JUnitReportReporter -->
<testsuite hostname="LAPTOP-K932JURE" name="adminTests.DownloadReportTest" tests="1" failures="0" timestamp="14 Sep 2021 08:26:05 GMT" time="36.961" errors="0">
  <testcase name="downloadReport" time="36.961" classname="adminTests.DownloadReportTest"/>
</testsuite> <!-- adminTests.DownloadReportTest -->
