<?xml version="1.0" encoding="UTF-8"?>
<!-- Generated by org.testng.reporters.JUnitReportReporter -->
<testsuite hostname="LAPTOP-K932JURE" name="studentTests.UpdateUserTest" tests="1" failures="0" timestamp="14 Sep 2021 08:26:05 GMT" time="74.777" errors="0">
  <testcase name="updateUserProfile" time="74.777" classname="studentTests.UpdateUserTest"/>
</testsuite> <!-- studentTests.UpdateUserTest -->
