<?xml version="1.0" encoding="UTF-8"?>
<!-- Generated by org.testng.reporters.JUnitReportReporter -->
<testsuite hostname="LAPTOP-K932JURE" name="adminTests.CreateUserTest" tests="1" failures="0" timestamp="14 Sep 2021 08:26:05 GMT" time="26.290" errors="0">
  <testcase name="createUser" time="26.290" classname="adminTests.CreateUserTest"/>
</testsuite> <!-- adminTests.CreateUserTest -->
