<?xml version="1.0" encoding="UTF-8"?>
<!-- Generated by org.testng.reporters.JUnitReportReporter -->
<testsuite hostname="LAPTOP-K932JURE" name="adminTests.CreateCourseTest" tests="1" failures="0" timestamp="14 Sep 2021 17:32:26 GMT" time="78.491" errors="0">
  <testcase name="createCourse" time="78.491" classname="adminTests.CreateCourseTest"/>
</testsuite> <!-- adminTests.CreateCourseTest -->
