<?xml version="1.0" encoding="UTF-8"?>
<!-- Generated by org.testng.reporters.JUnitReportReporter -->
<testsuite hostname="LAPTOP-K932JURE" name="studentTests.TakeQuizTest" tests="1" failures="0" timestamp="14 Sep 2021 08:26:05 GMT" time="81.667" errors="0">
  <testcase name="takeQuiz" time="81.667" classname="studentTests.TakeQuizTest"/>
</testsuite> <!-- studentTests.TakeQuizTest -->
