<?xml version="1.0" encoding="UTF-8"?>
<!-- Generated by org.testng.reporters.JUnitReportReporter -->
<testsuite hostname="LAPTOP-K932JURE" name="studentTests.CourseEnrollmentTest" tests="1" failures="0" timestamp="14 Sep 2021 05:37:55 GMT" time="58.772" errors="0">
  <testcase name="enrollIntoCourse" time="58.772" classname="studentTests.CourseEnrollmentTest"/>
</testsuite> <!-- studentTests.CourseEnrollmentTest -->
