<?xml version="1.0" encoding="UTF-8"?>
<!-- Generated by org.testng.reporters.JUnitReportReporter -->
<testsuite hostname="LAPTOP-K932JURE" name="adminTests.CreateUserTest" tests="1" failures="0" timestamp="13 Sep 2021 11:38:57 GMT" time="25.993" errors="0">
  <testcase name="createUser" time="25.993" classname="adminTests.CreateUserTest"/>
</testsuite> <!-- adminTests.CreateUserTest -->
