<?xml version="1.0" encoding="UTF-8"?>
<!-- Generated by org.testng.reporters.JUnitReportReporter -->
<testsuite hostname="LAPTOP-K932JURE" name="adminTests.CreateUserTest" tests="1" failures="0" timestamp="16 Sep 2021 18:24:29 GMT" time="48.219" errors="0">
  <testcase name="createUser" time="48.219" classname="adminTests.CreateUserTest"/>
</testsuite> <!-- adminTests.CreateUserTest -->
