<?xml version="1.0" encoding="UTF-8"?>
<!-- Generated by org.testng.reporters.JUnitReportReporter -->
<testsuite hostname="LAPTOP-K932JURE" name="studentTests.DownloadCertificateTest" tests="1" failures="0" timestamp="17 Sep 2021 02:26:25 GMT" time="68.782" errors="0">
  <testcase name="enrollIntoCourse" time="68.782" classname="studentTests.DownloadCertificateTest"/>
</testsuite> <!-- studentTests.DownloadCertificateTest -->
