<?xml version="1.0" encoding="UTF-8"?>
<!-- Generated by org.testng.reporters.JUnitReportReporter -->
<testsuite hostname="LAPTOP-K932JURE" name="studentTests.CourseEnrollmentTest" tests="1" failures="0" timestamp="13 Sep 2021 11:38:57 GMT" time="56.765" errors="0">
  <testcase name="enrollIntoCourse" time="56.765" classname="studentTests.CourseEnrollmentTest"/>
</testsuite> <!-- studentTests.CourseEnrollmentTest -->
