<?xml version="1.0" encoding="UTF-8"?>
<!-- Generated by org.testng.reporters.JUnitReportReporter -->
<testsuite hostname="LAPTOP-K932JURE" name="studentTests.CourseEnrollmentTest" tests="1" failures="0" timestamp="16 Sep 2021 18:24:29 GMT" time="40.564" errors="0">
  <testcase name="enrollIntoCourse" time="40.564" classname="studentTests.CourseEnrollmentTest"/>
</testsuite> <!-- studentTests.CourseEnrollmentTest -->
