<?xml version="1.0" encoding="UTF-8"?>
<!-- Generated by org.testng.reporters.JUnitReportReporter -->
<testsuite hostname="LAPTOP-K932JURE" name="studentTests.CourseEnrollmentTest" tests="1" failures="0" timestamp="15 Sep 2021 10:13:26 GMT" time="30.680" errors="0">
  <testcase name="enrollIntoCourse" time="30.680" classname="studentTests.CourseEnrollmentTest"/>
</testsuite> <!-- studentTests.CourseEnrollmentTest -->
