<?xml version="1.0" encoding="UTF-8"?>
<!-- Generated by org.testng.reporters.JUnitReportReporter -->
<testsuite hostname="LAPTOP-K932JURE" name="studentTests.BadgesFeedBackTest" tests="1" failures="0" timestamp="14 Sep 2021 05:52:54 GMT" time="96.458" errors="0">
  <testcase name="enrollIntoCourse" time="96.458" classname="studentTests.BadgesFeedBackTest"/>
</testsuite> <!-- studentTests.BadgesFeedBackTest -->
