<?xml version="1.0" encoding="UTF-8"?>
<!-- Generated by org.testng.reporters.JUnitReportReporter -->
<testsuite skipped="0" hostname="LAPTOP-K932JURE" name="studentTests.UpdateUserTest" tests="1" failures="0" timestamp="2021-09-15T14:36:25 IST" time="69.398" errors="0">
  <testcase name="updateUserProfile" time="69.398" classname="studentTests.UpdateUserTest"/>
  <system-out/>
</testsuite> <!-- studentTests.UpdateUserTest -->
