<?xml version="1.0" encoding="UTF-8"?>
<!-- Generated by org.testng.reporters.JUnitReportReporter -->
<testsuite skipped="0" hostname="LAPTOP-K932JURE" name="studentTests.CourseEnrollmentTest" tests="1" failures="0" timestamp="2021-09-15T14:36:25 IST" time="59.288" errors="0">
  <testcase name="enrollIntoCourse" time="59.288" classname="studentTests.CourseEnrollmentTest"/>
  <system-out/>
</testsuite> <!-- studentTests.CourseEnrollmentTest -->
