<?xml version="1.0" encoding="UTF-8"?>
<!-- Generated by org.testng.reporters.JUnitReportReporter -->
<testsuite skipped="0" hostname="LAPTOP-K932JURE" name="studentTests.StudentLoginTest" tests="2" failures="0" timestamp="2021-09-12T20:19:36 IST" time="40.651" errors="0">
  <testcase name="userLogin" time="8.095" classname="studentTests.StudentLoginTest"/>
  <system-out/>
  <testcase name="userLogin" time="32.556" classname="studentTests.StudentLoginTest"/>
  <system-out/>
</testsuite> <!-- studentTests.StudentLoginTest -->
