<?xml version="1.0" encoding="UTF-8"?>
<!-- Generated by org.testng.reporters.JUnitReportReporter -->
<testsuite skipped="0" hostname="LAPTOP-K932JURE" name="adminTests.CreateUserTest" tests="1" failures="0" timestamp="2021-09-12T20:16:32 IST" time="41.123" errors="0">
  <testcase name="createUser" time="41.123" classname="adminTests.CreateUserTest"/>
  <system-out/>
</testsuite> <!-- adminTests.CreateUserTest -->
