<?xml version="1.0" encoding="UTF-8"?>
<!-- Generated by org.testng.reporters.JUnitReportReporter -->
<testsuite skipped="0" hostname="LAPTOP-K932JURE" name="adminTests.DownloadReportTest" tests="1" failures="0" timestamp="2021-09-12T20:16:32 IST" time="22.796" errors="0">
  <testcase name="downloadReport" time="22.796" classname="adminTests.DownloadReportTest"/>
  <system-out/>
</testsuite> <!-- adminTests.DownloadReportTest -->
