<?xml version="1.0" encoding="UTF-8"?>
<!-- Generated by org.testng.reporters.JUnitReportReporter -->
<testsuite skipped="0" hostname="LAPTOP-K932JURE" name="adminTests.CreateUserTest" tests="1" failures="0" timestamp="2021-09-15T14:36:25 IST" time="32.129" errors="0">
  <testcase name="createUser" time="32.129" classname="adminTests.CreateUserTest"/>
  <system-out/>
</testsuite> <!-- adminTests.CreateUserTest -->
