<?xml version="1.0" encoding="UTF-8"?>
<!-- Generated by org.testng.reporters.JUnitReportReporter -->
<testsuite skipped="0" hostname="LAPTOP-K932JURE" name="studentTests.TakeQuizTest" tests="1" failures="0" timestamp="2021-09-12T20:16:32 IST" time="71.565" errors="0">
  <testcase name="takeQuiz" time="71.565" classname="studentTests.TakeQuizTest"/>
  <system-out/>
</testsuite> <!-- studentTests.TakeQuizTest -->
